<?xml version="1.0" encoding="UTF-8"?>
<!-- Generated by org.testng.reporters.JUnitXMLReporter -->
<testsuite ignored="0" hostname="DESKTOP-VKM30B9" failures="1" tests="3" name="logic" time="90.083" errors="0" timestamp="2023-03-05T09:02:44 IST">
  <testcase classname="test.RahulShettyTest" name="broken" time="4.066">
    <failure type="java.lang.AssertionError" message="The following asserts failed:
	https://rahulshettyacademy.com/brokenlink is broken expected [true] but found [false]">
      <![CDATA[java.lang.AssertionError: The following asserts failed:
https://rahulshettyacademy.com/brokenlink is broken expected [true] but found [false]
at pageObjects.PracticePageObjects.brokenLinks(PracticePageObjects.java:96)
at test.RahulShettyTest.broken(RahulShettyTest.java:43)
at java.base/java.util.ArrayList.forEach(ArrayList.java:1511)
... Removed 27 stack frames]]>
    </failure>
  </testcase> <!-- broken -->
  <testcase classname="test.RahulShettyTest" name="openLinks" time="50.87"/>
  <testcase classname="test.RahulShettyTest" name="webdriverScope" time="0.309"/>
</testsuite> <!-- logic -->
